#
# An unexpected error has been detected by HotSpot Virtual Machine:
#
#  Internal Error (0xe06d7363), pid=1904, tid=484
#
# Java VM: Java HotSpot(TM) Client VM (1.5.0-b64 mixed mode)
# Problematic frame:
# C  [kernel32.dll+0x12a5b]
#

---------------  T H R E A D  ---------------

Current thread (0x003abc08):  JavaThread "main" [_thread_in_native, id=484]

siginfo: ExceptionCode=0xe06d7363, ExceptionInformation=0x19930520 0x00d1a0f8 0x7c389224 

Registers:
EAX=0x00d1a04c, EBX=0x00000000, ECX=0x00000000, EDX=0x00000000
ESP=0x00d1a048, EBP=0x00d1a09c, ESI=0x00d1a0dc, EDI=0x00d1a0dc
EIP=0x7c812a5b, EFLAGS=0x00000206

Top of Stack: (sp=0x00d1a048)
0x00d1a048:   7c380edc e06d7363 00000001 00000000
0x00d1a058:   7c812a5b 00000003 19930520 00d1a0f8
0x00d1a068:   7c389224 00000000 7c3416b8 00d1a0dc
0x00d1a078:   00d1a0f8 00000000 805d641d bc6a0000
0x00d1a088:   00d1a074 afd1f1ac 00d1a12c 7c34240d
0x00d1a098:   7c37a2a8 00d1a0dc 7c359aed e06d7363
0x00d1a0a8:   00000001 00000003 00d1a0d0 00000000
0x00d1a0b8:   00000000 e06d7363 00000001 00000000 

Instructions: (pc=0x7c812a5b)
0x7c812a4b:   8d 7d c4 f3 a5 5f 8d 45 b0 50 ff 15 08 15 80 7c
0x7c812a5b:   5e c9 c2 10 00 85 ff 0f 8e 36 93 ff ff 8b 55 fc 


Stack: [0x00520000,0x00d20000),  sp=0x00d1a048,  free space=8168k
Native frames: (J=compiled Java code, j=interpreted, Vv=VM code, C=native code)
C  [kernel32.dll+0x12a5b]
C  [MSVCR71.dll+0x19aed]
C  [MSVCR71.dll+0x1a36e]
C  [m_interpreter.dll+0x3bf54]
C  [m_dispatcher.dll+0x312d9]
C  [m_interpreter.dll+0x3383]
C  [bridge.dll+0x84f2]
C  [m_dispatcher.dll+0x1778e]
C  [m_dispatcher.dll+0x762d]
C  [m_dispatcher.dll+0x2952a]
C  [m_dispatcher.dll+0x17b87]
C  [m_dispatcher.dll+0x76e6]
C  [m_interpreter.dll+0x29568]
C  [m_interpreter.dll+0x295e2]

Java frames: (J=compiled Java code, j=interpreted, Vv=VM code)
j  com.mathworks.jmi.NativeMatlab.nativeThreadMessage(Ljava/lang/Object;)Ljava/lang/Object;+0
j  com.mathworks.jmi.MatlabLooper.sendThreadMessage(Lcom/mathworks/services/message/MWMessage;)Ljava/lang/Object;+20
j  com.mathworks.jmi.Matlab.mtFevalConsoleOutput(Ljava/lang/String;[Ljava/lang/Object;I)Ljava/lang/Object;+48
j  com.mathworks.mde.desk.MLDesktop$3.run()V+22
j  com.mathworks.jmi.NativeMatlab.dispatchMTRequests(Z)V+46
v  ~StubRoutines::call_stub

---------------  P R O C E S S  ---------------

Java Threads: ( => current thread )
  0x0f392a38 JavaThread "Timer-17" [_thread_blocked, id=3524]
  0x0f395cc8 JavaThread "Prefs Updater" [_thread_blocked, id=3012]
  0x0f27c2e0 JavaThread "Text-Layout" [_thread_blocked, id=3832]
  0x0dd6c2c0 JavaThread "Timer-2" daemon [_thread_blocked, id=2844]
  0x03132a50 JavaThread "TimerQueue" daemon [_thread_blocked, id=2772]
  0x0de3f358 JavaThread "AWT-EventQueue-0" [_thread_blocked, id=3612]
  0x0de3f008 JavaThread "AWT-Shutdown" [_thread_blocked, id=3704]
  0x03178b10 JavaThread "Java2D Disposer" daemon [_thread_blocked, id=476]
  0x0dee6c20 JavaThread "Timer-0" [_thread_blocked, id=464]
  0x0dea9780 JavaThread "AWT-Windows" daemon [_thread_in_native, id=196]
  0x02d666c8 JavaThread "Low Memory Detector" daemon [_thread_blocked, id=3792]
  0x02d65340 JavaThread "CompilerThread0" daemon [_thread_blocked, id=172]
  0x02d646c8 JavaThread "Signal Dispatcher" daemon [_thread_blocked, id=3956]
  0x02d5b778 JavaThread "Finalizer" daemon [_thread_blocked, id=3632]
  0x02d5a320 JavaThread "Reference Handler" daemon [_thread_blocked, id=1492]
=>0x003abc08 JavaThread "main" [_thread_in_native, id=484]

Other Threads:
  0x02d1b2a8 VMThread [id=1788]
  0x02d62960 WatcherThread [id=3124]

VM state:not at safepoint (normal execution)

VM Mutex/Monitor currently owned by a thread: None

Heap
 def new generation   total 14848K, used 11674K [0x05b80000, 0x06b90000, 0x07380000)
  eden space 13248K,  86% used [0x05b80000, 0x066c0218, 0x06870000)
  from space 1600K,   9% used [0x06a00000, 0x06a26990, 0x06b90000)
  to   space 1600K,   0% used [0x06870000, 0x06870000, 0x06a00000)
 tenured generation   total 49152K, used 35426K [0x07380000, 0x0a380000, 0x0bb80000)
   the space 49152K,  72% used [0x07380000, 0x09618b20, 0x09618c00, 0x0a380000)
 compacting perm gen  total 22272K, used 22152K [0x0bb80000, 0x0d140000, 0x0db80000)
   the space 22272K,  99% used [0x0bb80000, 0x0d1223d0, 0x0d122400, 0x0d140000)
No shared spaces configured.

Dynamic libraries:
0x00400000 - 0x0051d000 	C:\Program Files\Matlab\R2006b\bin\win32\MATLAB.exe
0x7c900000 - 0x7c9b0000 	C:\WINDOWS\system32\ntdll.dll
0x7c800000 - 0x7c8f5000 	C:\WINDOWS\system32\kernel32.dll
0x78440000 - 0x784fd000 	C:\Program Files\Matlab\R2006b\bin\win32\libut.dll
0x78100000 - 0x781aa000 	C:\Program Files\Matlab\R2006b\bin\win32\icuin32.dll
0x781f0000 - 0x78284000 	C:\Program Files\Matlab\R2006b\bin\win32\icuuc32.dll
0x77dd0000 - 0x77e6b000 	C:\WINDOWS\system32\ADVAPI32.dll
0x77e70000 - 0x77f02000 	C:\WINDOWS\system32\RPCRT4.dll
0x77fe0000 - 0x77ff1000 	C:\WINDOWS\system32\Secur32.dll
0x10000000 - 0x10005000 	C:\Program Files\Matlab\R2006b\bin\win32\icudt32.dll
0x7c340000 - 0x7c396000 	C:\Program Files\Matlab\R2006b\bin\win32\MSVCR71.dll
0x781b0000 - 0x781bb000 	C:\Program Files\Matlab\R2006b\bin\win32\icuio32.dll
0x7c3a0000 - 0x7c41b000 	C:\Program Files\Matlab\R2006b\bin\win32\MSVCP71.dll
0x76c90000 - 0x76cb8000 	C:\WINDOWS\system32\imagehlp.dll
0x77c10000 - 0x77c68000 	C:\WINDOWS\system32\msvcrt.dll
0x7e410000 - 0x7e4a0000 	C:\WINDOWS\system32\USER32.dll
0x77f10000 - 0x77f57000 	C:\WINDOWS\system32\GDI32.dll
0x774e0000 - 0x7761d000 	C:\WINDOWS\system32\ole32.dll
0x77120000 - 0x771ab000 	C:\WINDOWS\system32\OLEAUT32.dll
0x78df0000 - 0x78fff000 	C:\Program Files\Matlab\R2006b\bin\win32\libmwservices.dll
0x763b0000 - 0x763f9000 	C:\WINDOWS\system32\comdlg32.dll
0x77f60000 - 0x77fd6000 	C:\WINDOWS\system32\SHLWAPI.dll
0x5d090000 - 0x5d12a000 	C:\WINDOWS\system32\COMCTL32.dll
0x7c9c0000 - 0x7d1d6000 	C:\WINDOWS\system32\SHELL32.dll
0x78590000 - 0x785aa000 	C:\Program Files\Matlab\R2006b\bin\win32\mpath.dll
0x78500000 - 0x7854a000 	C:\Program Files\Matlab\R2006b\bin\win32\libmx.dll
0x78430000 - 0x7843e000 	C:\Program Files\Matlab\R2006b\bin\win32\libz.dll
0x00230000 - 0x0028f000 	C:\Program Files\Matlab\R2006b\bin\win32\libmwmathutil.dll
0x5b860000 - 0x5b8b4000 	C:\WINDOWS\system32\NETAPI32.dll
0x71ab0000 - 0x71ac7000 	C:\WINDOWS\system32\WS2_32.dll
0x71aa0000 - 0x71aa8000 	C:\WINDOWS\system32\WS2HELP.dll
0x78550000 - 0x7855f000 	C:\Program Files\Matlab\R2006b\bin\win32\libmex.dll
0x78580000 - 0x7858e000 	C:\Program Files\Matlab\R2006b\bin\win32\mvalue.dll
0x786f0000 - 0x78751000 	C:\Program Files\Matlab\R2006b\bin\win32\m_dispatcher.dll
0x78290000 - 0x78430000 	C:\Program Files\Matlab\R2006b\bin\win32\xerces-c_2_6.dll
0x78dd0000 - 0x78de6000 	C:\Program Files\Matlab\R2006b\bin\win32\datasvcs.dll
0x78560000 - 0x7857d000 	C:\Program Files\Matlab\R2006b\bin\win32\libmat.dll
0x00290000 - 0x00357000 	C:\Program Files\Matlab\R2006b\bin\win32\libhdf5.dll
0x79430000 - 0x7945c000 	C:\Program Files\Matlab\R2006b\bin\win32\mcr.dll
0x79d00000 - 0x79d10000 	C:\Program Files\Matlab\R2006b\bin\win32\mwoles05.dll
0x78760000 - 0x78b77000 	C:\Program Files\Matlab\R2006b\bin\win32\m_interpreter.dll
0x78d70000 - 0x78d86000 	C:\Program Files\Matlab\R2006b\bin\win32\m_pcodegen.dll
0x78d30000 - 0x78d64000 	C:\Program Files\Matlab\R2006b\bin\win32\m_ir.dll
0x78d90000 - 0x78da4000 	C:\Program Files\Matlab\R2006b\bin\win32\m_pcodeio.dll
0x78b80000 - 0x78d24000 	C:\Program Files\Matlab\R2006b\bin\win32\m_parser.dll
0x78db0000 - 0x78dbd000 	C:\Program Files\Matlab\R2006b\bin\win32\ir_xfmr.dll
0x785b0000 - 0x78660000 	C:\Program Files\Matlab\R2006b\bin\win32\mcos.dll
0x00360000 - 0x0038d000 	C:\Program Files\Matlab\R2006b\bin\win32\profiler.dll
0x79db0000 - 0x79dec000 	C:\Program Files\Matlab\R2006b\bin\win32\comcli.dll
0x79d70000 - 0x79da3000 	C:\Program Files\Matlab\R2006b\bin\win32\jmi.dll
0x79e40000 - 0x79e5e000 	C:\Program Files\Matlab\R2006b\bin\win32\bridge.dll
0x78660000 - 0x786e4000 	C:\Program Files\Matlab\R2006b\bin\win32\udd.dll
0x79100000 - 0x79179000 	C:\Program Files\Matlab\R2006b\bin\win32\uiw.dll
0x791b0000 - 0x791b9000 	C:\Program Files\Matlab\R2006b\bin\win32\uinone.dll
0x79400000 - 0x7942b000 	C:\Program Files\Matlab\R2006b\bin\win32\libmwhardcopy.dll
0x791c0000 - 0x7926a000 	C:\Program Files\Matlab\R2006b\bin\win32\libmwgui.dll
0x79180000 - 0x791a8000 	C:\Program Files\Matlab\R2006b\bin\win32\libuij.dll
0x7c140000 - 0x7c243000 	C:\Program Files\Matlab\R2006b\bin\win32\MFC71.DLL
0x73000000 - 0x73026000 	C:\WINDOWS\system32\WINSPOOL.DRV
0x7c120000 - 0x7c139000 	C:\Program Files\Matlab\R2006b\bin\win32\ATL71.DLL
0x79df0000 - 0x79df9000 	C:\Program Files\Matlab\R2006b\bin\win32\mlautoregister.dll
0x79d10000 - 0x79d65000 	C:\Program Files\Matlab\R2006b\bin\win32\udd_mi.dll
0x79270000 - 0x793c9000 	C:\Program Files\Matlab\R2006b\bin\win32\hg.dll
0x79460000 - 0x795e7000 	C:\Program Files\Matlab\R2006b\bin\win32\numerics.dll
0x79bf0000 - 0x79bf7000 	C:\Program Files\Matlab\R2006b\bin\win32\libmwamd.dll
0x79c00000 - 0x79c5a000 	C:\Program Files\Matlab\R2006b\bin\win32\libmwcholmod.dll
0x79c60000 - 0x79c67000 	C:\Program Files\Matlab\R2006b\bin\win32\libmwcolamd.dll
0x795f0000 - 0x79613000 	C:\Program Files\Matlab\R2006b\bin\win32\libmwlapack.dll
0x79650000 - 0x796d6000 	C:\Program Files\Matlab\R2006b\bin\win32\libfftw3.dll
0x796e0000 - 0x7975f000 	C:\Program Files\Matlab\R2006b\bin\win32\libfftw3f.dll
0x79c70000 - 0x79cf4000 	C:\Program Files\Matlab\R2006b\bin\win32\libmwumfpack.dll
0x773d0000 - 0x774d3000 	C:\WINDOWS\WinSxS\x86_Microsoft.Windows.Common-Controls_6595b64144ccf1df_6.0.2600.2982_x-ww_ac3f9c03\comctl32.dll
0x7c300000 - 0x7c30e000 	C:\Program Files\Matlab\R2006b\bin\win32\MFC71ENU.DLL
0x79620000 - 0x79648000 	C:\Program Files\Matlab\R2006b\bin\win32\mkl.dll
0x79760000 - 0x79be2000 	C:\Program Files\Matlab\R2006b\bin\win32\lapack.dll
0x01f30000 - 0x01fda000 	C:\Program Files\Matlab\R2006b\bin\win32\libifcoremd.dll
0x01fe0000 - 0x02210000 	C:\Program Files\Matlab\R2006b\bin\win32\libmmd.dll
0x74290000 - 0x74294000 	C:\WINDOWS\system32\icmp.Dll
0x76d60000 - 0x76d79000 	C:\WINDOWS\system32\iphlpapi.dll
0x6d640000 - 0x6d7c5000 	C:\Program Files\Matlab\R2006b\sys\java\jre\win32\jre1.5.0\bin\client\jvm.dll
0x76b40000 - 0x76b6d000 	C:\WINDOWS\system32\WINMM.dll
0x6d280000 - 0x6d288000 	C:\Program Files\Matlab\R2006b\sys\java\jre\win32\jre1.5.0\bin\hpi.dll
0x76bf0000 - 0x76bfb000 	C:\WINDOWS\system32\PSAPI.DLL
0x6d610000 - 0x6d61c000 	C:\Program Files\Matlab\R2006b\sys\java\jre\win32\jre1.5.0\bin\verify.dll
0x6d300000 - 0x6d31d000 	C:\Program Files\Matlab\R2006b\sys\java\jre\win32\jre1.5.0\bin\java.dll
0x6d630000 - 0x6d63f000 	C:\Program Files\Matlab\R2006b\sys\java\jre\win32\jre1.5.0\bin\zip.dll
0x6d000000 - 0x6d166000 	C:\Program Files\Matlab\R2006b\sys\java\jre\win32\jre1.5.0\bin\awt.dll
0x76390000 - 0x763ad000 	C:\WINDOWS\system32\IMM32.dll
0x03320000 - 0x0332f000 	C:\Program Files\Matlab\R2006b\bin\win32\nativejava.dll
0x03330000 - 0x0334d000 	C:\Program Files\Matlab\R2006b\bin\win32\nativejmi.dll
0x0e100000 - 0x0e105000 	C:\Program Files\Matlab\R2006b\bin\win32\nativeservices.dll
0x6d240000 - 0x6d27d000 	C:\Program Files\Matlab\R2006b\sys\java\jre\win32\jre1.5.0\bin\fontmanager.dll
0x6d4c0000 - 0x6d4d3000 	C:\Program Files\Matlab\R2006b\sys\java\jre\win32\jre1.5.0\bin\net.dll
0x6d4e0000 - 0x6d4e9000 	C:\Program Files\Matlab\R2006b\sys\java\jre\win32\jre1.5.0\bin\nio.dll
0x7ae80000 - 0x7ae89000 	C:\Program Files\Matlab\R2006b\bin\win32\nativelex.dll
0x0e4b0000 - 0x0e4be000 	C:\Program Files\Pop-Up Stopper Free Edition\XAHook.dll
0x5e1f0000 - 0x5e212000 	C:\WINDOWS\System32\spool\DRIVERS\W32X86\3\PS5UI.DLL
0x79000000 - 0x790f6000 	C:\Program Files\Matlab\R2006b\bin\win32\libmwbuiltins.dll
0x77c00000 - 0x77c08000 	C:\WINDOWS\system32\VERSION.dll
0x0ee40000 - 0x0ee94000 	C:\Program Files\Matlab\R2006b\bin\win32\xmlcore.dll
0x77920000 - 0x77a13000 	C:\WINDOWS\system32\SETUPAPI.dll
0x77b40000 - 0x77b62000 	C:\WINDOWS\system32\appHelp.dll
0x76fd0000 - 0x7704f000 	C:\WINDOWS\system32\CLBCATQ.DLL
0x77050000 - 0x77115000 	C:\WINDOWS\system32\COMRes.dll
0x77a20000 - 0x77a74000 	C:\WINDOWS\System32\cscui.dll
0x76600000 - 0x7661d000 	C:\WINDOWS\System32\CSCDLL.dll
0x0fc00000 - 0x0fc0d000 	C:\Program Files\Matlab\R2006b\bin\win32\nativemlint.dll
0x0fc10000 - 0x0fc3b000 	C:\Program Files\Matlab\R2006b\bin\win32\mwmlint.dll
0x0e520000 - 0x0e533000 	C:\Program Files\Dell\QuickSet\dadkeyb.dll
0x0fe20000 - 0x0fe32000 	C:\Program Files\Matlab\R2006b\bin\win32\rxtxSerial.dll
0x73d90000 - 0x73db7000 	C:\WINDOWS\system32\crtdll.dll
0x7ae90000 - 0x7aeaa000 	C:\Program Files\Matlab\R2006b\bin\win32\nativehg.dll
0x6d360000 - 0x6d366000 	C:\Program Files\Matlab\R2006b\sys\java\jre\win32\jre1.5.0\bin\jawt.dll
0x75f80000 - 0x7607d000 	C:\WINDOWS\System32\browseui.dll
0x76990000 - 0x769b5000 	C:\WINDOWS\system32\ntshrui.dll
0x76b20000 - 0x76b31000 	C:\WINDOWS\system32\ATL.DLL
0x769c0000 - 0x76a73000 	C:\WINDOWS\system32\USERENV.dll
0x5ad70000 - 0x5ada8000 	C:\WINDOWS\system32\UxTheme.dll
0x7e290000 - 0x7e3ff000 	C:\WINDOWS\System32\shdocvw.dll
0x77a80000 - 0x77b14000 	C:\WINDOWS\system32\CRYPT32.dll
0x77b20000 - 0x77b32000 	C:\WINDOWS\system32\MSASN1.dll
0x754d0000 - 0x75550000 	C:\WINDOWS\system32\CRYPTUI.dll
0x76c30000 - 0x76c5e000 	C:\WINDOWS\system32\WINTRUST.dll
0x771b0000 - 0x77256000 	C:\WINDOWS\system32\WININET.dll
0x76f60000 - 0x76f8c000 	C:\WINDOWS\system32\WLDAP32.dll
0x20000000 - 0x202c5000 	C:\WINDOWS\system32\xpsp2res.dll
0x6d1c0000 - 0x6d1e3000 	C:\Program Files\Matlab\R2006b\sys\java\jre\win32\jre1.5.0\bin\dcpr.dll
0x11610000 - 0x11618000 	C:\Program Files\Matlab\R2006b\toolbox\matlab\graph2d\private\lineseriesmex.mexw32

VM Arguments:
jvm_args: -Xss512k -XX:PermSize=16M -Xms64m -XX:NewRatio=3 -XX:MaxPermSize=32M -Xmx96m -Dsun.java2d.noddraw=true -Dsun.awt.nopixfmt=true -Xshare:off -Djava.library.path=C:\Program Files\Matlab\R2006b\bin\win32 vfprintf abort
java_command: <unknown>

Environment Variables:
PATH=C:\WINDOWS\system32;C:\WINDOWS;C:\WINDOWS\system32\wbem;C:\Program Files\MATLAB\R2006b\bin;C:\Program Files\MATLAB\R2006b\bin\win32;c:\program files\matlab\r2006a\bin\win32;c:\matlab\bin\win32;c:\program files\ati technologies\ati control panel;
USERNAME=dty
OS=Windows_NT
PROCESSOR_IDENTIFIER=x86 Family 6 Model 13 Stepping 8, GenuineIntel


---------------  S Y S T E M  ---------------

OS: Windows XP Build 2600 Service Pack 2

CPU:total 1 family 6, cmov, cx8, fxsr, mmx, sse, sse2

Memory: 4k page, physical 2096528k(1196676k free), swap 4035868k(3317464k free)

vm_info: Java HotSpot(TM) Client VM (1.5.0-b64) for windows-x86, built on Sep 15 2004 03:00:31 by "java_re" with MS VC++ 6.0

